2022-12-25 05:53:25,974 - WARNING - __main__ -   Process rank: -1, device: cuda:0, n_gpu: 1, distributed training: False, 16-bits training: False
2022-12-25 05:53:25,975 - INFO - __main__ -   {'DA': True, 'T': 1, 'amp': False, 'arch': 'wideresnet', 'batch_size': 64, 'dataset': 'cifar10', 'device': device(type='cuda', index=0), 'ema_decay': 0.999, 'eval_step': 1024, 'expand_labels': False, 'gpu_id': 0, 'im_ratio': 50.0, 'k': 2, 'label_ratio': 0.1, 'lambda_k': 0.5, 'lambda_scl': 1, 'lambda_u': 1, 'local_rank': -1, 'lr': 0.03, 'mu': 7, 'n_gpu': 1, 'nesterov': True, 'no_progress': False, 'num_labeled': 4000, 'num_workers': 8, 'opt_level': 'O1', 'out': 'results/ratio_50_0.1/cifar.2/expe', 'resume': '', 'seed': 2, 'st': 0.5, 'start_epoch': 0, 'threshold': 0.95, 'threshold_2': 0.9, 'total_steps': 65536, 'use_ema': True, 'warmup': 0, 'wdecay': 0.0005, 'world_size': 1}
2022-12-25 05:53:28,189 - INFO - models.wideresnet -   Model: WideResNet 28x2
2022-12-25 05:53:28,220 - INFO - __main__ -   Total params: 1.50M
2022-12-25 05:53:29,368 - INFO - __main__ -   ***** Running training *****
2022-12-25 05:53:29,368 - INFO - __main__ -     Task = cifar10@4000
2022-12-25 05:53:29,368 - INFO - __main__ -     Num Epochs = 64
2022-12-25 05:53:29,368 - INFO - __main__ -     Batch size per GPU = 64
2022-12-25 05:53:29,368 - INFO - __main__ -     Total train batch size = 64
2022-12-25 05:53:29,368 - INFO - __main__ -     Total optimization steps = 65536
2022-12-25 05:59:13,788 - INFO - __main__ -   top-1 acc: 24.94
2022-12-25 05:59:13,789 - INFO - __main__ -   top-5 acc: 80.30
2022-12-25 05:59:13,855 - INFO - __main__ -   Train Epoch: 1/  64
2022-12-25 05:59:13,855 - INFO - __main__ -   Best top-1 acc: 24.94
2022-12-25 05:59:13,855 - INFO - __main__ -   Mean top-1 acc: 24.94

2022-12-25 06:04:54,772 - INFO - __main__ -   top-1 acc: 39.66
2022-12-25 06:04:54,772 - INFO - __main__ -   top-5 acc: 89.68
2022-12-25 06:04:54,840 - INFO - __main__ -   Train Epoch: 2/  64
2022-12-25 06:04:54,840 - INFO - __main__ -   Best top-1 acc: 39.66
2022-12-25 06:04:54,841 - INFO - __main__ -   Mean top-1 acc: 32.30

2022-12-25 06:10:33,527 - INFO - __main__ -   top-1 acc: 48.42
2022-12-25 06:10:33,528 - INFO - __main__ -   top-5 acc: 92.94
2022-12-25 06:10:33,604 - INFO - __main__ -   Train Epoch: 3/  64
2022-12-25 06:10:33,604 - INFO - __main__ -   Best top-1 acc: 48.42
2022-12-25 06:10:33,604 - INFO - __main__ -   Mean top-1 acc: 37.67

2022-12-25 06:16:15,266 - INFO - __main__ -   top-1 acc: 56.36
2022-12-25 06:16:15,266 - INFO - __main__ -   top-5 acc: 94.92
2022-12-25 06:16:15,336 - INFO - __main__ -   Train Epoch: 4/  64
2022-12-25 06:16:15,336 - INFO - __main__ -   Best top-1 acc: 56.36
2022-12-25 06:16:15,336 - INFO - __main__ -   Mean top-1 acc: 42.34

2022-12-25 06:21:51,977 - INFO - __main__ -   top-1 acc: 63.13
2022-12-25 06:21:51,977 - INFO - __main__ -   top-5 acc: 96.35
2022-12-25 06:21:52,049 - INFO - __main__ -   Train Epoch: 5/  64
2022-12-25 06:21:52,049 - INFO - __main__ -   Best top-1 acc: 63.13
2022-12-25 06:21:52,049 - INFO - __main__ -   Mean top-1 acc: 46.50

2022-12-25 06:27:32,787 - INFO - __main__ -   top-1 acc: 67.78
2022-12-25 06:27:32,787 - INFO - __main__ -   top-5 acc: 97.04
2022-12-25 06:27:32,850 - INFO - __main__ -   Train Epoch: 6/  64
2022-12-25 06:27:32,850 - INFO - __main__ -   Best top-1 acc: 67.78
2022-12-25 06:27:32,850 - INFO - __main__ -   Mean top-1 acc: 50.05

2022-12-25 06:33:11,709 - INFO - __main__ -   top-1 acc: 70.52
2022-12-25 06:33:11,709 - INFO - __main__ -   top-5 acc: 97.41
2022-12-25 06:33:11,780 - INFO - __main__ -   Train Epoch: 7/  64
2022-12-25 06:33:11,780 - INFO - __main__ -   Best top-1 acc: 70.52
2022-12-25 06:33:11,780 - INFO - __main__ -   Mean top-1 acc: 52.97

2022-12-25 06:38:50,439 - INFO - __main__ -   top-1 acc: 73.22
2022-12-25 06:38:50,440 - INFO - __main__ -   top-5 acc: 97.78
2022-12-25 06:38:50,511 - INFO - __main__ -   Train Epoch: 8/  64
2022-12-25 06:38:50,511 - INFO - __main__ -   Best top-1 acc: 73.22
2022-12-25 06:38:50,511 - INFO - __main__ -   Mean top-1 acc: 55.50

2022-12-25 06:44:31,482 - INFO - __main__ -   top-1 acc: 74.75
2022-12-25 06:44:31,482 - INFO - __main__ -   top-5 acc: 98.07
2022-12-25 06:44:31,550 - INFO - __main__ -   Train Epoch: 9/  64
2022-12-25 06:44:31,550 - INFO - __main__ -   Best top-1 acc: 74.75
2022-12-25 06:44:31,550 - INFO - __main__ -   Mean top-1 acc: 57.64

2022-12-25 06:50:11,788 - INFO - __main__ -   top-1 acc: 75.87
2022-12-25 06:50:11,788 - INFO - __main__ -   top-5 acc: 98.15
2022-12-25 06:50:11,860 - INFO - __main__ -   Train Epoch: 10/  64
2022-12-25 06:50:11,860 - INFO - __main__ -   Best top-1 acc: 75.87
2022-12-25 06:50:11,860 - INFO - __main__ -   Mean top-1 acc: 59.46

2022-12-25 06:55:54,833 - INFO - __main__ -   top-1 acc: 76.44
2022-12-25 06:55:54,833 - INFO - __main__ -   top-5 acc: 98.30
2022-12-25 06:55:54,910 - INFO - __main__ -   Train Epoch: 11/  64
2022-12-25 06:55:54,910 - INFO - __main__ -   Best top-1 acc: 76.44
2022-12-25 06:55:54,910 - INFO - __main__ -   Mean top-1 acc: 61.01

2022-12-25 07:01:31,647 - INFO - __main__ -   top-1 acc: 77.36
2022-12-25 07:01:31,648 - INFO - __main__ -   top-5 acc: 98.43
2022-12-25 07:01:31,713 - INFO - __main__ -   Train Epoch: 12/  64
2022-12-25 07:01:31,714 - INFO - __main__ -   Best top-1 acc: 77.36
2022-12-25 07:01:31,714 - INFO - __main__ -   Mean top-1 acc: 62.37

2022-12-25 07:07:07,013 - INFO - __main__ -   top-1 acc: 77.61
2022-12-25 07:07:07,013 - INFO - __main__ -   top-5 acc: 98.53
2022-12-25 07:07:07,085 - INFO - __main__ -   Train Epoch: 13/  64
2022-12-25 07:07:07,086 - INFO - __main__ -   Best top-1 acc: 77.61
2022-12-25 07:07:07,086 - INFO - __main__ -   Mean top-1 acc: 63.54

2022-12-25 07:12:43,416 - INFO - __main__ -   top-1 acc: 78.48
2022-12-25 07:12:43,417 - INFO - __main__ -   top-5 acc: 98.62
2022-12-25 07:12:43,485 - INFO - __main__ -   Train Epoch: 14/  64
2022-12-25 07:12:43,485 - INFO - __main__ -   Best top-1 acc: 78.48
2022-12-25 07:12:43,485 - INFO - __main__ -   Mean top-1 acc: 64.61

2022-12-25 07:18:21,874 - INFO - __main__ -   top-1 acc: 79.02
2022-12-25 07:18:21,874 - INFO - __main__ -   top-5 acc: 98.66
2022-12-25 07:18:21,946 - INFO - __main__ -   Train Epoch: 15/  64
2022-12-25 07:18:21,946 - INFO - __main__ -   Best top-1 acc: 79.02
2022-12-25 07:18:21,946 - INFO - __main__ -   Mean top-1 acc: 65.57

2022-12-25 07:23:58,244 - INFO - __main__ -   top-1 acc: 79.50
2022-12-25 07:23:58,244 - INFO - __main__ -   top-5 acc: 98.67
2022-12-25 07:23:58,314 - INFO - __main__ -   Train Epoch: 16/  64
2022-12-25 07:23:58,315 - INFO - __main__ -   Best top-1 acc: 79.50
2022-12-25 07:23:58,315 - INFO - __main__ -   Mean top-1 acc: 66.44

2022-12-25 07:29:50,477 - INFO - __main__ -   top-1 acc: 79.86
2022-12-25 07:29:50,478 - INFO - __main__ -   top-5 acc: 98.70
2022-12-25 07:29:50,557 - INFO - __main__ -   Train Epoch: 17/  64
2022-12-25 07:29:50,557 - INFO - __main__ -   Best top-1 acc: 79.86
2022-12-25 07:29:50,557 - INFO - __main__ -   Mean top-1 acc: 67.23

2022-12-25 07:36:04,210 - INFO - __main__ -   top-1 acc: 80.32
2022-12-25 07:36:04,210 - INFO - __main__ -   top-5 acc: 98.67
2022-12-25 07:36:04,283 - INFO - __main__ -   Train Epoch: 18/  64
2022-12-25 07:36:04,283 - INFO - __main__ -   Best top-1 acc: 80.32
2022-12-25 07:36:04,283 - INFO - __main__ -   Mean top-1 acc: 67.96

2022-12-25 07:42:16,052 - INFO - __main__ -   top-1 acc: 80.40
2022-12-25 07:42:16,052 - INFO - __main__ -   top-5 acc: 98.66
2022-12-25 07:42:16,121 - INFO - __main__ -   Train Epoch: 19/  64
2022-12-25 07:42:16,121 - INFO - __main__ -   Best top-1 acc: 80.40
2022-12-25 07:42:16,122 - INFO - __main__ -   Mean top-1 acc: 68.61

2022-12-25 07:48:29,656 - INFO - __main__ -   top-1 acc: 80.75
2022-12-25 07:48:29,656 - INFO - __main__ -   top-5 acc: 98.68
2022-12-25 07:48:29,738 - INFO - __main__ -   Train Epoch: 20/  64
2022-12-25 07:48:29,739 - INFO - __main__ -   Best top-1 acc: 80.75
2022-12-25 07:48:29,739 - INFO - __main__ -   Mean top-1 acc: 69.22

2022-12-25 07:54:35,671 - INFO - __main__ -   top-1 acc: 80.71
2022-12-25 07:54:35,672 - INFO - __main__ -   top-5 acc: 98.77
2022-12-25 07:54:35,725 - INFO - __main__ -   Train Epoch: 21/  64
2022-12-25 07:54:35,725 - INFO - __main__ -   Best top-1 acc: 80.75
2022-12-25 07:54:35,725 - INFO - __main__ -   Mean top-1 acc: 72.01

2022-12-25 08:00:48,750 - INFO - __main__ -   top-1 acc: 80.89
2022-12-25 08:00:48,750 - INFO - __main__ -   top-5 acc: 98.74
2022-12-25 08:00:48,819 - INFO - __main__ -   Train Epoch: 22/  64
2022-12-25 08:00:48,819 - INFO - __main__ -   Best top-1 acc: 80.89
2022-12-25 08:00:48,819 - INFO - __main__ -   Mean top-1 acc: 74.07

2022-12-25 08:07:02,165 - INFO - __main__ -   top-1 acc: 81.02
2022-12-25 08:07:02,165 - INFO - __main__ -   top-5 acc: 98.85
2022-12-25 08:07:02,235 - INFO - __main__ -   Train Epoch: 23/  64
2022-12-25 08:07:02,236 - INFO - __main__ -   Best top-1 acc: 81.02
2022-12-25 08:07:02,236 - INFO - __main__ -   Mean top-1 acc: 75.70

2022-12-25 08:13:12,845 - INFO - __main__ -   top-1 acc: 81.04
2022-12-25 08:13:12,845 - INFO - __main__ -   top-5 acc: 98.86
2022-12-25 08:13:12,914 - INFO - __main__ -   Train Epoch: 24/  64
2022-12-25 08:13:12,915 - INFO - __main__ -   Best top-1 acc: 81.04
2022-12-25 08:13:12,915 - INFO - __main__ -   Mean top-1 acc: 76.93

2022-12-25 08:19:26,617 - INFO - __main__ -   top-1 acc: 81.13
2022-12-25 08:19:26,618 - INFO - __main__ -   top-5 acc: 98.78
2022-12-25 08:19:26,690 - INFO - __main__ -   Train Epoch: 25/  64
2022-12-25 08:19:26,690 - INFO - __main__ -   Best top-1 acc: 81.13
2022-12-25 08:19:26,690 - INFO - __main__ -   Mean top-1 acc: 77.83

2022-12-25 08:25:36,544 - INFO - __main__ -   top-1 acc: 81.35
2022-12-25 08:25:36,545 - INFO - __main__ -   top-5 acc: 98.69
2022-12-25 08:25:36,614 - INFO - __main__ -   Train Epoch: 26/  64
2022-12-25 08:25:36,614 - INFO - __main__ -   Best top-1 acc: 81.35
2022-12-25 08:25:36,615 - INFO - __main__ -   Mean top-1 acc: 78.51

2022-12-25 08:31:49,155 - INFO - __main__ -   top-1 acc: 81.19
2022-12-25 08:31:49,155 - INFO - __main__ -   top-5 acc: 98.80
2022-12-25 08:31:49,214 - INFO - __main__ -   Train Epoch: 27/  64
2022-12-25 08:31:49,214 - INFO - __main__ -   Best top-1 acc: 81.35
2022-12-25 08:31:49,215 - INFO - __main__ -   Mean top-1 acc: 79.05

2022-12-25 08:38:02,154 - INFO - __main__ -   top-1 acc: 81.02
2022-12-25 08:38:02,155 - INFO - __main__ -   top-5 acc: 98.70
2022-12-25 08:38:02,217 - INFO - __main__ -   Train Epoch: 28/  64
2022-12-25 08:38:02,217 - INFO - __main__ -   Best top-1 acc: 81.35
2022-12-25 08:38:02,217 - INFO - __main__ -   Mean top-1 acc: 79.44

2022-12-25 08:44:19,906 - INFO - __main__ -   top-1 acc: 81.37
2022-12-25 08:44:19,906 - INFO - __main__ -   top-5 acc: 98.79
2022-12-25 08:44:19,970 - INFO - __main__ -   Train Epoch: 29/  64
2022-12-25 08:44:19,971 - INFO - __main__ -   Best top-1 acc: 81.37
2022-12-25 08:44:19,971 - INFO - __main__ -   Mean top-1 acc: 79.77

2022-12-25 08:50:18,493 - INFO - __main__ -   top-1 acc: 81.30
2022-12-25 08:50:18,493 - INFO - __main__ -   top-5 acc: 98.94
2022-12-25 08:50:18,547 - INFO - __main__ -   Train Epoch: 30/  64
2022-12-25 08:50:18,547 - INFO - __main__ -   Best top-1 acc: 81.37
2022-12-25 08:50:18,548 - INFO - __main__ -   Mean top-1 acc: 80.04

2022-12-25 08:55:55,370 - INFO - __main__ -   top-1 acc: 81.32
2022-12-25 08:55:55,370 - INFO - __main__ -   top-5 acc: 98.89
2022-12-25 08:55:55,418 - INFO - __main__ -   Train Epoch: 31/  64
2022-12-25 08:55:55,418 - INFO - __main__ -   Best top-1 acc: 81.37
2022-12-25 08:55:55,419 - INFO - __main__ -   Mean top-1 acc: 80.28

2022-12-25 09:01:28,943 - INFO - __main__ -   top-1 acc: 81.51
2022-12-25 09:01:28,943 - INFO - __main__ -   top-5 acc: 98.80
2022-12-25 09:01:29,020 - INFO - __main__ -   Train Epoch: 32/  64
2022-12-25 09:01:29,020 - INFO - __main__ -   Best top-1 acc: 81.51
2022-12-25 09:01:29,021 - INFO - __main__ -   Mean top-1 acc: 80.49

2022-12-25 09:07:04,651 - INFO - __main__ -   top-1 acc: 81.65
2022-12-25 09:07:04,651 - INFO - __main__ -   top-5 acc: 98.70
2022-12-25 09:07:04,726 - INFO - __main__ -   Train Epoch: 33/  64
2022-12-25 09:07:04,726 - INFO - __main__ -   Best top-1 acc: 81.65
2022-12-25 09:07:04,727 - INFO - __main__ -   Mean top-1 acc: 80.69

2022-12-25 09:12:55,885 - INFO - __main__ -   top-1 acc: 81.27
2022-12-25 09:12:55,886 - INFO - __main__ -   top-5 acc: 98.73
2022-12-25 09:12:55,940 - INFO - __main__ -   Train Epoch: 34/  64
2022-12-25 09:12:55,941 - INFO - __main__ -   Best top-1 acc: 81.65
2022-12-25 09:12:55,941 - INFO - __main__ -   Mean top-1 acc: 80.83

2022-12-25 09:19:03,079 - INFO - __main__ -   top-1 acc: 81.32
2022-12-25 09:19:03,080 - INFO - __main__ -   top-5 acc: 98.65
2022-12-25 09:19:03,136 - INFO - __main__ -   Train Epoch: 35/  64
2022-12-25 09:19:03,136 - INFO - __main__ -   Best top-1 acc: 81.65
2022-12-25 09:19:03,137 - INFO - __main__ -   Mean top-1 acc: 80.95

2022-12-25 09:24:43,849 - INFO - __main__ -   top-1 acc: 81.49
2022-12-25 09:24:43,849 - INFO - __main__ -   top-5 acc: 98.74
2022-12-25 09:24:43,908 - INFO - __main__ -   Train Epoch: 36/  64
2022-12-25 09:24:43,908 - INFO - __main__ -   Best top-1 acc: 81.65
2022-12-25 09:24:43,908 - INFO - __main__ -   Mean top-1 acc: 81.05

2022-12-25 09:30:25,050 - INFO - __main__ -   top-1 acc: 81.29
2022-12-25 09:30:25,050 - INFO - __main__ -   top-5 acc: 98.74
2022-12-25 09:30:25,125 - INFO - __main__ -   Train Epoch: 37/  64
2022-12-25 09:30:25,126 - INFO - __main__ -   Best top-1 acc: 81.65
2022-12-25 09:30:25,126 - INFO - __main__ -   Mean top-1 acc: 81.12

2022-12-25 09:36:01,068 - INFO - __main__ -   top-1 acc: 81.16
2022-12-25 09:36:01,068 - INFO - __main__ -   top-5 acc: 98.82
2022-12-25 09:36:01,146 - INFO - __main__ -   Train Epoch: 38/  64
2022-12-25 09:36:01,146 - INFO - __main__ -   Best top-1 acc: 81.65
2022-12-25 09:36:01,146 - INFO - __main__ -   Mean top-1 acc: 81.16

2022-12-25 09:41:40,399 - INFO - __main__ -   top-1 acc: 81.22
2022-12-25 09:41:40,400 - INFO - __main__ -   top-5 acc: 98.79
2022-12-25 09:41:40,478 - INFO - __main__ -   Train Epoch: 39/  64
2022-12-25 09:41:40,478 - INFO - __main__ -   Best top-1 acc: 81.65
2022-12-25 09:41:40,478 - INFO - __main__ -   Mean top-1 acc: 81.20

2022-12-25 09:47:19,322 - INFO - __main__ -   top-1 acc: 81.26
2022-12-25 09:47:19,323 - INFO - __main__ -   top-5 acc: 98.72
2022-12-25 09:47:19,390 - INFO - __main__ -   Train Epoch: 40/  64
2022-12-25 09:47:19,390 - INFO - __main__ -   Best top-1 acc: 81.65
2022-12-25 09:47:19,391 - INFO - __main__ -   Mean top-1 acc: 81.23

2022-12-25 09:52:59,747 - INFO - __main__ -   top-1 acc: 81.00
2022-12-25 09:52:59,747 - INFO - __main__ -   top-5 acc: 98.63
2022-12-25 09:52:59,816 - INFO - __main__ -   Train Epoch: 41/  64
2022-12-25 09:52:59,817 - INFO - __main__ -   Best top-1 acc: 81.65
2022-12-25 09:52:59,817 - INFO - __main__ -   Mean top-1 acc: 81.24

2022-12-25 09:58:35,076 - INFO - __main__ -   top-1 acc: 81.00
2022-12-25 09:58:35,077 - INFO - __main__ -   top-5 acc: 98.56
2022-12-25 09:58:35,141 - INFO - __main__ -   Train Epoch: 42/  64
2022-12-25 09:58:35,141 - INFO - __main__ -   Best top-1 acc: 81.65
2022-12-25 09:58:35,141 - INFO - __main__ -   Mean top-1 acc: 81.25

2022-12-25 10:04:15,278 - INFO - __main__ -   top-1 acc: 80.67
2022-12-25 10:04:15,278 - INFO - __main__ -   top-5 acc: 98.67
2022-12-25 10:04:15,344 - INFO - __main__ -   Train Epoch: 43/  64
2022-12-25 10:04:15,345 - INFO - __main__ -   Best top-1 acc: 81.65
2022-12-25 10:04:15,345 - INFO - __main__ -   Mean top-1 acc: 81.23

2022-12-25 10:09:52,347 - INFO - __main__ -   top-1 acc: 80.94
2022-12-25 10:09:52,347 - INFO - __main__ -   top-5 acc: 98.58
2022-12-25 10:09:52,416 - INFO - __main__ -   Train Epoch: 44/  64
2022-12-25 10:09:52,416 - INFO - __main__ -   Best top-1 acc: 81.65
2022-12-25 10:09:52,417 - INFO - __main__ -   Mean top-1 acc: 81.22

2022-12-25 10:15:31,464 - INFO - __main__ -   top-1 acc: 80.85
2022-12-25 10:15:31,464 - INFO - __main__ -   top-5 acc: 98.59
2022-12-25 10:15:31,542 - INFO - __main__ -   Train Epoch: 45/  64
2022-12-25 10:15:31,542 - INFO - __main__ -   Best top-1 acc: 81.65
2022-12-25 10:15:31,543 - INFO - __main__ -   Mean top-1 acc: 81.21

2022-12-25 10:21:11,675 - INFO - __main__ -   top-1 acc: 80.94
2022-12-25 10:21:11,675 - INFO - __main__ -   top-5 acc: 98.61
2022-12-25 10:21:11,743 - INFO - __main__ -   Train Epoch: 46/  64
2022-12-25 10:21:11,743 - INFO - __main__ -   Best top-1 acc: 81.65
2022-12-25 10:21:11,744 - INFO - __main__ -   Mean top-1 acc: 81.19

2022-12-25 10:26:46,438 - INFO - __main__ -   top-1 acc: 80.79
2022-12-25 10:26:46,438 - INFO - __main__ -   top-5 acc: 98.65
2022-12-25 10:26:46,515 - INFO - __main__ -   Train Epoch: 47/  64
2022-12-25 10:26:46,515 - INFO - __main__ -   Best top-1 acc: 81.65
2022-12-25 10:26:46,515 - INFO - __main__ -   Mean top-1 acc: 81.17

2022-12-25 10:32:25,060 - INFO - __main__ -   top-1 acc: 80.61
2022-12-25 10:32:25,060 - INFO - __main__ -   top-5 acc: 98.64
2022-12-25 10:32:25,110 - INFO - __main__ -   Train Epoch: 48/  64
2022-12-25 10:32:25,110 - INFO - __main__ -   Best top-1 acc: 81.65
2022-12-25 10:32:25,111 - INFO - __main__ -   Mean top-1 acc: 81.15

2022-12-25 10:38:01,514 - INFO - __main__ -   top-1 acc: 80.60
2022-12-25 10:38:01,514 - INFO - __main__ -   top-5 acc: 98.67
2022-12-25 10:38:01,564 - INFO - __main__ -   Train Epoch: 49/  64
2022-12-25 10:38:01,565 - INFO - __main__ -   Best top-1 acc: 81.65
2022-12-25 10:38:01,565 - INFO - __main__ -   Mean top-1 acc: 81.11

2022-12-25 10:43:40,424 - INFO - __main__ -   top-1 acc: 80.61
2022-12-25 10:43:40,425 - INFO - __main__ -   top-5 acc: 98.55
2022-12-25 10:43:40,478 - INFO - __main__ -   Train Epoch: 50/  64
2022-12-25 10:43:40,478 - INFO - __main__ -   Best top-1 acc: 81.65
2022-12-25 10:43:40,478 - INFO - __main__ -   Mean top-1 acc: 81.07

2022-12-25 10:49:17,467 - INFO - __main__ -   top-1 acc: 80.51
2022-12-25 10:49:17,467 - INFO - __main__ -   top-5 acc: 98.63
2022-12-25 10:49:17,520 - INFO - __main__ -   Train Epoch: 51/  64
2022-12-25 10:49:17,521 - INFO - __main__ -   Best top-1 acc: 81.65
2022-12-25 10:49:17,521 - INFO - __main__ -   Mean top-1 acc: 81.03

2022-12-25 10:54:51,566 - INFO - __main__ -   top-1 acc: 80.24
2022-12-25 10:54:51,566 - INFO - __main__ -   top-5 acc: 98.65
2022-12-25 10:54:51,645 - INFO - __main__ -   Train Epoch: 52/  64
2022-12-25 10:54:51,645 - INFO - __main__ -   Best top-1 acc: 81.65
2022-12-25 10:54:51,645 - INFO - __main__ -   Mean top-1 acc: 80.97

2022-12-25 11:01:01,921 - INFO - __main__ -   top-1 acc: 80.56
2022-12-25 11:01:01,921 - INFO - __main__ -   top-5 acc: 98.63
2022-12-25 11:01:02,000 - INFO - __main__ -   Train Epoch: 53/  64
2022-12-25 11:01:02,000 - INFO - __main__ -   Best top-1 acc: 81.65
2022-12-25 11:01:02,001 - INFO - __main__ -   Mean top-1 acc: 80.92

2022-12-25 11:07:11,529 - INFO - __main__ -   top-1 acc: 80.28
2022-12-25 11:07:11,529 - INFO - __main__ -   top-5 acc: 98.59
2022-12-25 11:07:11,604 - INFO - __main__ -   Train Epoch: 54/  64
2022-12-25 11:07:11,604 - INFO - __main__ -   Best top-1 acc: 81.65
2022-12-25 11:07:11,604 - INFO - __main__ -   Mean top-1 acc: 80.87

2022-12-25 11:13:23,053 - INFO - __main__ -   top-1 acc: 80.15
2022-12-25 11:13:23,053 - INFO - __main__ -   top-5 acc: 98.61
2022-12-25 11:13:23,122 - INFO - __main__ -   Train Epoch: 55/  64
2022-12-25 11:13:23,123 - INFO - __main__ -   Best top-1 acc: 81.65
2022-12-25 11:13:23,123 - INFO - __main__ -   Mean top-1 acc: 80.81

2022-12-25 11:19:33,341 - INFO - __main__ -   top-1 acc: 80.45
2022-12-25 11:19:33,341 - INFO - __main__ -   top-5 acc: 98.51
2022-12-25 11:19:33,427 - INFO - __main__ -   Train Epoch: 56/  64
2022-12-25 11:19:33,427 - INFO - __main__ -   Best top-1 acc: 81.65
2022-12-25 11:19:33,427 - INFO - __main__ -   Mean top-1 acc: 80.76

2022-12-25 11:25:46,355 - INFO - __main__ -   top-1 acc: 79.97
2022-12-25 11:25:46,355 - INFO - __main__ -   top-5 acc: 98.56
2022-12-25 11:25:46,408 - INFO - __main__ -   Train Epoch: 57/  64
2022-12-25 11:25:46,409 - INFO - __main__ -   Best top-1 acc: 81.65
2022-12-25 11:25:46,409 - INFO - __main__ -   Mean top-1 acc: 80.69

2022-12-25 11:32:04,311 - INFO - __main__ -   top-1 acc: 79.92
2022-12-25 11:32:04,312 - INFO - __main__ -   top-5 acc: 98.51
2022-12-25 11:32:04,386 - INFO - __main__ -   Train Epoch: 58/  64
2022-12-25 11:32:04,386 - INFO - __main__ -   Best top-1 acc: 81.65
2022-12-25 11:32:04,387 - INFO - __main__ -   Mean top-1 acc: 80.63

2022-12-25 11:38:19,828 - INFO - __main__ -   top-1 acc: 79.65
2022-12-25 11:38:19,828 - INFO - __main__ -   top-5 acc: 98.56
2022-12-25 11:38:19,906 - INFO - __main__ -   Train Epoch: 59/  64
2022-12-25 11:38:19,907 - INFO - __main__ -   Best top-1 acc: 81.65
2022-12-25 11:38:19,907 - INFO - __main__ -   Mean top-1 acc: 80.55

2022-12-25 11:44:37,796 - INFO - __main__ -   top-1 acc: 79.69
2022-12-25 11:44:37,796 - INFO - __main__ -   top-5 acc: 98.47
2022-12-25 11:44:37,864 - INFO - __main__ -   Train Epoch: 60/  64
2022-12-25 11:44:37,864 - INFO - __main__ -   Best top-1 acc: 81.65
2022-12-25 11:44:37,864 - INFO - __main__ -   Mean top-1 acc: 80.47

2022-12-25 11:50:53,996 - INFO - __main__ -   top-1 acc: 79.74
2022-12-25 11:50:53,996 - INFO - __main__ -   top-5 acc: 98.53
2022-12-25 11:50:54,049 - INFO - __main__ -   Train Epoch: 61/  64
2022-12-25 11:50:54,049 - INFO - __main__ -   Best top-1 acc: 81.65
2022-12-25 11:50:54,049 - INFO - __main__ -   Mean top-1 acc: 80.41

2022-12-25 11:57:14,266 - INFO - __main__ -   top-1 acc: 79.60
2022-12-25 11:57:14,267 - INFO - __main__ -   top-5 acc: 98.48
2022-12-25 11:57:14,336 - INFO - __main__ -   Train Epoch: 62/  64
2022-12-25 11:57:14,336 - INFO - __main__ -   Best top-1 acc: 81.65
2022-12-25 11:57:14,337 - INFO - __main__ -   Mean top-1 acc: 80.34

2022-12-25 12:03:28,910 - INFO - __main__ -   top-1 acc: 79.39
2022-12-25 12:03:28,910 - INFO - __main__ -   top-5 acc: 98.43
2022-12-25 12:03:28,976 - INFO - __main__ -   Train Epoch: 63/  64
2022-12-25 12:03:28,976 - INFO - __main__ -   Best top-1 acc: 81.65
2022-12-25 12:03:28,977 - INFO - __main__ -   Mean top-1 acc: 80.27

2022-12-25 12:09:47,363 - INFO - __main__ -   top-1 acc: 79.21
2022-12-25 12:09:47,363 - INFO - __main__ -   top-5 acc: 98.40
2022-12-25 12:09:47,415 - INFO - __main__ -   Train Epoch: 64/  64
2022-12-25 12:09:47,415 - INFO - __main__ -   Best top-1 acc: 81.65
2022-12-25 12:09:47,415 - INFO - __main__ -   Mean top-1 acc: 80.19

