2022-12-22 22:45:25,924 - WARNING - __main__ -   Process rank: -1, device: cuda:0, n_gpu: 1, distributed training: False, 16-bits training: False
2022-12-22 22:45:25,924 - INFO - __main__ -   {'DA': True, 'T': 1, 'amp': False, 'arch': 'wideresnet', 'batch_size': 64, 'dataset': 'cifar10', 'device': device(type='cuda', index=0), 'ema_decay': 0.999, 'eval_step': 1024, 'expand_labels': False, 'gpu_id': 0, 'im_ratio': 100.0, 'k': 2, 'label_ratio': 0.1, 'lambda_k': 0.5, 'lambda_scl': 1, 'lambda_u': 1, 'local_rank': -1, 'lr': 0.03, 'mu': 7, 'n_gpu': 1, 'nesterov': True, 'no_progress': False, 'num_labeled': 4000, 'num_workers': 8, 'opt_level': 'O1', 'out': 'results/ratio_100_0.1/cifar.4/expe', 'resume': '', 'seed': 4, 'st': 0.5, 'start_epoch': 0, 'threshold': 0.95, 'threshold_2': 0.9, 'total_steps': 65536, 'use_ema': True, 'warmup': 0, 'wdecay': 0.0005, 'world_size': 1}
2022-12-22 22:45:28,144 - INFO - models.wideresnet -   Model: WideResNet 28x2
2022-12-22 22:45:28,201 - INFO - __main__ -   Total params: 1.50M
2022-12-22 22:45:29,341 - INFO - __main__ -   ***** Running training *****
2022-12-22 22:45:29,341 - INFO - __main__ -     Task = cifar10@4000
2022-12-22 22:45:29,341 - INFO - __main__ -     Num Epochs = 64
2022-12-22 22:45:29,341 - INFO - __main__ -     Batch size per GPU = 64
2022-12-22 22:45:29,341 - INFO - __main__ -     Total train batch size = 64
2022-12-22 22:45:29,341 - INFO - __main__ -     Total optimization steps = 65536
2022-12-22 22:52:05,192 - INFO - __main__ -   top-1 acc: 24.81
2022-12-22 22:52:05,192 - INFO - __main__ -   top-5 acc: 72.20
2022-12-22 22:52:05,257 - INFO - __main__ -   Train Epoch: 1/  64
2022-12-22 22:52:05,258 - INFO - __main__ -   Best top-1 acc: 24.81
2022-12-22 22:52:05,258 - INFO - __main__ -   Mean top-1 acc: 24.81

2022-12-22 22:58:38,090 - INFO - __main__ -   top-1 acc: 39.99
2022-12-22 22:58:38,090 - INFO - __main__ -   top-5 acc: 86.66
2022-12-22 22:58:38,175 - INFO - __main__ -   Train Epoch: 2/  64
2022-12-22 22:58:38,175 - INFO - __main__ -   Best top-1 acc: 39.99
2022-12-22 22:58:38,175 - INFO - __main__ -   Mean top-1 acc: 32.40

2022-12-22 23:05:05,220 - INFO - __main__ -   top-1 acc: 46.31
2022-12-22 23:05:05,220 - INFO - __main__ -   top-5 acc: 90.95
2022-12-22 23:05:05,290 - INFO - __main__ -   Train Epoch: 3/  64
2022-12-22 23:05:05,290 - INFO - __main__ -   Best top-1 acc: 46.31
2022-12-22 23:05:05,290 - INFO - __main__ -   Mean top-1 acc: 37.04

2022-12-22 23:11:37,002 - INFO - __main__ -   top-1 acc: 50.82
2022-12-22 23:11:37,002 - INFO - __main__ -   top-5 acc: 92.54
2022-12-22 23:11:37,090 - INFO - __main__ -   Train Epoch: 4/  64
2022-12-22 23:11:37,090 - INFO - __main__ -   Best top-1 acc: 50.82
2022-12-22 23:11:37,090 - INFO - __main__ -   Mean top-1 acc: 40.48

2022-12-22 23:18:10,817 - INFO - __main__ -   top-1 acc: 53.64
2022-12-22 23:18:10,817 - INFO - __main__ -   top-5 acc: 93.49
2022-12-22 23:18:10,892 - INFO - __main__ -   Train Epoch: 5/  64
2022-12-22 23:18:10,892 - INFO - __main__ -   Best top-1 acc: 53.64
2022-12-22 23:18:10,892 - INFO - __main__ -   Mean top-1 acc: 43.11

2022-12-22 23:24:39,521 - INFO - __main__ -   top-1 acc: 56.82
2022-12-22 23:24:39,521 - INFO - __main__ -   top-5 acc: 94.56
2022-12-22 23:24:39,603 - INFO - __main__ -   Train Epoch: 6/  64
2022-12-22 23:24:39,603 - INFO - __main__ -   Best top-1 acc: 56.82
2022-12-22 23:24:39,603 - INFO - __main__ -   Mean top-1 acc: 45.40

2022-12-22 23:31:11,462 - INFO - __main__ -   top-1 acc: 59.10
2022-12-22 23:31:11,462 - INFO - __main__ -   top-5 acc: 95.29
2022-12-22 23:31:11,538 - INFO - __main__ -   Train Epoch: 7/  64
2022-12-22 23:31:11,538 - INFO - __main__ -   Best top-1 acc: 59.10
2022-12-22 23:31:11,539 - INFO - __main__ -   Mean top-1 acc: 47.36

2022-12-22 23:37:41,357 - INFO - __main__ -   top-1 acc: 60.65
2022-12-22 23:37:41,357 - INFO - __main__ -   top-5 acc: 95.92
2022-12-22 23:37:41,437 - INFO - __main__ -   Train Epoch: 8/  64
2022-12-22 23:37:41,438 - INFO - __main__ -   Best top-1 acc: 60.65
2022-12-22 23:37:41,438 - INFO - __main__ -   Mean top-1 acc: 49.02

2022-12-22 23:44:07,671 - INFO - __main__ -   top-1 acc: 62.04
2022-12-22 23:44:07,672 - INFO - __main__ -   top-5 acc: 96.09
2022-12-22 23:44:07,741 - INFO - __main__ -   Train Epoch: 9/  64
2022-12-22 23:44:07,741 - INFO - __main__ -   Best top-1 acc: 62.04
2022-12-22 23:44:07,741 - INFO - __main__ -   Mean top-1 acc: 50.46

2022-12-22 23:50:33,211 - INFO - __main__ -   top-1 acc: 63.81
2022-12-22 23:50:33,211 - INFO - __main__ -   top-5 acc: 96.38
2022-12-22 23:50:33,321 - INFO - __main__ -   Train Epoch: 10/  64
2022-12-22 23:50:33,321 - INFO - __main__ -   Best top-1 acc: 63.81
2022-12-22 23:50:33,321 - INFO - __main__ -   Mean top-1 acc: 51.80

2022-12-22 23:57:04,747 - INFO - __main__ -   top-1 acc: 64.02
2022-12-22 23:57:04,748 - INFO - __main__ -   top-5 acc: 96.42
2022-12-22 23:57:04,820 - INFO - __main__ -   Train Epoch: 11/  64
2022-12-22 23:57:04,820 - INFO - __main__ -   Best top-1 acc: 64.02
2022-12-22 23:57:04,820 - INFO - __main__ -   Mean top-1 acc: 52.91

2022-12-23 00:03:32,997 - INFO - __main__ -   top-1 acc: 64.29
2022-12-23 00:03:32,998 - INFO - __main__ -   top-5 acc: 96.49
2022-12-23 00:03:33,099 - INFO - __main__ -   Train Epoch: 12/  64
2022-12-23 00:03:33,099 - INFO - __main__ -   Best top-1 acc: 64.29
2022-12-23 00:03:33,099 - INFO - __main__ -   Mean top-1 acc: 53.86

2022-12-23 00:09:58,440 - INFO - __main__ -   top-1 acc: 65.23
2022-12-23 00:09:58,440 - INFO - __main__ -   top-5 acc: 96.86
2022-12-23 00:09:58,547 - INFO - __main__ -   Train Epoch: 13/  64
2022-12-23 00:09:58,547 - INFO - __main__ -   Best top-1 acc: 65.23
2022-12-23 00:09:58,547 - INFO - __main__ -   Mean top-1 acc: 54.73

2022-12-23 00:16:24,726 - INFO - __main__ -   top-1 acc: 65.85
2022-12-23 00:16:24,727 - INFO - __main__ -   top-5 acc: 96.90
2022-12-23 00:16:24,827 - INFO - __main__ -   Train Epoch: 14/  64
2022-12-23 00:16:24,827 - INFO - __main__ -   Best top-1 acc: 65.85
2022-12-23 00:16:24,827 - INFO - __main__ -   Mean top-1 acc: 55.53

2022-12-23 00:22:48,313 - INFO - __main__ -   top-1 acc: 66.51
2022-12-23 00:22:48,313 - INFO - __main__ -   top-5 acc: 96.84
2022-12-23 00:22:48,417 - INFO - __main__ -   Train Epoch: 15/  64
2022-12-23 00:22:48,417 - INFO - __main__ -   Best top-1 acc: 66.51
2022-12-23 00:22:48,417 - INFO - __main__ -   Mean top-1 acc: 56.26

2022-12-23 00:29:16,351 - INFO - __main__ -   top-1 acc: 66.94
2022-12-23 00:29:16,351 - INFO - __main__ -   top-5 acc: 97.00
2022-12-23 00:29:16,435 - INFO - __main__ -   Train Epoch: 16/  64
2022-12-23 00:29:16,435 - INFO - __main__ -   Best top-1 acc: 66.94
2022-12-23 00:29:16,436 - INFO - __main__ -   Mean top-1 acc: 56.93

2022-12-23 00:35:44,338 - INFO - __main__ -   top-1 acc: 67.52
2022-12-23 00:35:44,338 - INFO - __main__ -   top-5 acc: 97.19
2022-12-23 00:35:44,418 - INFO - __main__ -   Train Epoch: 17/  64
2022-12-23 00:35:44,418 - INFO - __main__ -   Best top-1 acc: 67.52
2022-12-23 00:35:44,418 - INFO - __main__ -   Mean top-1 acc: 57.55

2022-12-23 00:42:09,646 - INFO - __main__ -   top-1 acc: 68.22
2022-12-23 00:42:09,646 - INFO - __main__ -   top-5 acc: 97.44
2022-12-23 00:42:09,719 - INFO - __main__ -   Train Epoch: 18/  64
2022-12-23 00:42:09,719 - INFO - __main__ -   Best top-1 acc: 68.22
2022-12-23 00:42:09,720 - INFO - __main__ -   Mean top-1 acc: 58.14

2022-12-23 00:48:30,343 - INFO - __main__ -   top-1 acc: 68.36
2022-12-23 00:48:30,344 - INFO - __main__ -   top-5 acc: 97.51
2022-12-23 00:48:30,409 - INFO - __main__ -   Train Epoch: 19/  64
2022-12-23 00:48:30,409 - INFO - __main__ -   Best top-1 acc: 68.36
2022-12-23 00:48:30,409 - INFO - __main__ -   Mean top-1 acc: 58.68

2022-12-23 00:54:54,063 - INFO - __main__ -   top-1 acc: 68.70
2022-12-23 00:54:54,064 - INFO - __main__ -   top-5 acc: 97.41
2022-12-23 00:54:54,132 - INFO - __main__ -   Train Epoch: 20/  64
2022-12-23 00:54:54,132 - INFO - __main__ -   Best top-1 acc: 68.70
2022-12-23 00:54:54,133 - INFO - __main__ -   Mean top-1 acc: 59.18

2022-12-23 01:01:14,662 - INFO - __main__ -   top-1 acc: 68.82
2022-12-23 01:01:14,663 - INFO - __main__ -   top-5 acc: 97.33
2022-12-23 01:01:14,735 - INFO - __main__ -   Train Epoch: 21/  64
2022-12-23 01:01:14,736 - INFO - __main__ -   Best top-1 acc: 68.82
2022-12-23 01:01:14,736 - INFO - __main__ -   Mean top-1 acc: 61.38

2022-12-23 01:07:37,151 - INFO - __main__ -   top-1 acc: 69.10
2022-12-23 01:07:37,151 - INFO - __main__ -   top-5 acc: 97.32
2022-12-23 01:07:37,222 - INFO - __main__ -   Train Epoch: 22/  64
2022-12-23 01:07:37,222 - INFO - __main__ -   Best top-1 acc: 69.10
2022-12-23 01:07:37,222 - INFO - __main__ -   Mean top-1 acc: 62.84

2022-12-23 01:14:02,153 - INFO - __main__ -   top-1 acc: 69.24
2022-12-23 01:14:02,153 - INFO - __main__ -   top-5 acc: 97.44
2022-12-23 01:14:02,229 - INFO - __main__ -   Train Epoch: 23/  64
2022-12-23 01:14:02,229 - INFO - __main__ -   Best top-1 acc: 69.24
2022-12-23 01:14:02,229 - INFO - __main__ -   Mean top-1 acc: 63.98

2022-12-23 01:20:21,745 - INFO - __main__ -   top-1 acc: 69.62
2022-12-23 01:20:21,745 - INFO - __main__ -   top-5 acc: 97.60
2022-12-23 01:20:21,810 - INFO - __main__ -   Train Epoch: 24/  64
2022-12-23 01:20:21,810 - INFO - __main__ -   Best top-1 acc: 69.62
2022-12-23 01:20:21,810 - INFO - __main__ -   Mean top-1 acc: 64.92

2022-12-23 01:26:44,516 - INFO - __main__ -   top-1 acc: 70.02
2022-12-23 01:26:44,516 - INFO - __main__ -   top-5 acc: 97.65
2022-12-23 01:26:44,587 - INFO - __main__ -   Train Epoch: 25/  64
2022-12-23 01:26:44,587 - INFO - __main__ -   Best top-1 acc: 70.02
2022-12-23 01:26:44,588 - INFO - __main__ -   Mean top-1 acc: 65.74

2022-12-23 01:33:06,774 - INFO - __main__ -   top-1 acc: 69.72
2022-12-23 01:33:06,774 - INFO - __main__ -   top-5 acc: 97.57
2022-12-23 01:33:06,823 - INFO - __main__ -   Train Epoch: 26/  64
2022-12-23 01:33:06,824 - INFO - __main__ -   Best top-1 acc: 70.02
2022-12-23 01:33:06,824 - INFO - __main__ -   Mean top-1 acc: 66.39

2022-12-23 01:39:30,259 - INFO - __main__ -   top-1 acc: 69.85
2022-12-23 01:39:30,260 - INFO - __main__ -   top-5 acc: 97.64
2022-12-23 01:39:30,315 - INFO - __main__ -   Train Epoch: 27/  64
2022-12-23 01:39:30,315 - INFO - __main__ -   Best top-1 acc: 70.02
2022-12-23 01:39:30,315 - INFO - __main__ -   Mean top-1 acc: 66.93

2022-12-23 01:45:52,027 - INFO - __main__ -   top-1 acc: 69.91
2022-12-23 01:45:52,027 - INFO - __main__ -   top-5 acc: 97.48
2022-12-23 01:45:52,134 - INFO - __main__ -   Train Epoch: 28/  64
2022-12-23 01:45:52,134 - INFO - __main__ -   Best top-1 acc: 70.02
2022-12-23 01:45:52,134 - INFO - __main__ -   Mean top-1 acc: 67.39

2022-12-23 01:52:14,342 - INFO - __main__ -   top-1 acc: 69.62
2022-12-23 01:52:14,342 - INFO - __main__ -   top-5 acc: 97.60
2022-12-23 01:52:14,397 - INFO - __main__ -   Train Epoch: 29/  64
2022-12-23 01:52:14,397 - INFO - __main__ -   Best top-1 acc: 70.02
2022-12-23 01:52:14,397 - INFO - __main__ -   Mean top-1 acc: 67.77

2022-12-23 01:58:35,811 - INFO - __main__ -   top-1 acc: 69.90
2022-12-23 01:58:35,812 - INFO - __main__ -   top-5 acc: 97.69
2022-12-23 01:58:35,864 - INFO - __main__ -   Train Epoch: 30/  64
2022-12-23 01:58:35,864 - INFO - __main__ -   Best top-1 acc: 70.02
2022-12-23 01:58:35,865 - INFO - __main__ -   Mean top-1 acc: 68.07

2022-12-23 02:04:58,234 - INFO - __main__ -   top-1 acc: 70.11
2022-12-23 02:04:58,235 - INFO - __main__ -   top-5 acc: 97.71
2022-12-23 02:04:58,308 - INFO - __main__ -   Train Epoch: 31/  64
2022-12-23 02:04:58,308 - INFO - __main__ -   Best top-1 acc: 70.11
2022-12-23 02:04:58,309 - INFO - __main__ -   Mean top-1 acc: 68.38

2022-12-23 02:11:21,376 - INFO - __main__ -   top-1 acc: 70.22
2022-12-23 02:11:21,376 - INFO - __main__ -   top-5 acc: 97.79
2022-12-23 02:11:21,470 - INFO - __main__ -   Train Epoch: 32/  64
2022-12-23 02:11:21,470 - INFO - __main__ -   Best top-1 acc: 70.22
2022-12-23 02:11:21,470 - INFO - __main__ -   Mean top-1 acc: 68.67

2022-12-23 02:17:44,655 - INFO - __main__ -   top-1 acc: 70.46
2022-12-23 02:17:44,655 - INFO - __main__ -   top-5 acc: 97.78
2022-12-23 02:17:44,745 - INFO - __main__ -   Train Epoch: 33/  64
2022-12-23 02:17:44,745 - INFO - __main__ -   Best top-1 acc: 70.46
2022-12-23 02:17:44,745 - INFO - __main__ -   Mean top-1 acc: 68.93

2022-12-23 02:24:09,265 - INFO - __main__ -   top-1 acc: 70.27
2022-12-23 02:24:09,266 - INFO - __main__ -   top-5 acc: 97.82
2022-12-23 02:24:09,346 - INFO - __main__ -   Train Epoch: 34/  64
2022-12-23 02:24:09,346 - INFO - __main__ -   Best top-1 acc: 70.46
2022-12-23 02:24:09,347 - INFO - __main__ -   Mean top-1 acc: 69.16

2022-12-23 02:30:31,289 - INFO - __main__ -   top-1 acc: 70.27
2022-12-23 02:30:31,290 - INFO - __main__ -   top-5 acc: 97.88
2022-12-23 02:30:31,373 - INFO - __main__ -   Train Epoch: 35/  64
2022-12-23 02:30:31,373 - INFO - __main__ -   Best top-1 acc: 70.46
2022-12-23 02:30:31,374 - INFO - __main__ -   Mean top-1 acc: 69.34

2022-12-23 02:36:51,269 - INFO - __main__ -   top-1 acc: 70.38
2022-12-23 02:36:51,270 - INFO - __main__ -   top-5 acc: 97.80
2022-12-23 02:36:51,342 - INFO - __main__ -   Train Epoch: 36/  64
2022-12-23 02:36:51,343 - INFO - __main__ -   Best top-1 acc: 70.46
2022-12-23 02:36:51,343 - INFO - __main__ -   Mean top-1 acc: 69.52

2022-12-23 02:43:12,723 - INFO - __main__ -   top-1 acc: 70.14
2022-12-23 02:43:12,723 - INFO - __main__ -   top-5 acc: 97.79
2022-12-23 02:43:12,792 - INFO - __main__ -   Train Epoch: 37/  64
2022-12-23 02:43:12,792 - INFO - __main__ -   Best top-1 acc: 70.46
2022-12-23 02:43:12,792 - INFO - __main__ -   Mean top-1 acc: 69.65

2022-12-23 02:49:33,684 - INFO - __main__ -   top-1 acc: 70.08
2022-12-23 02:49:33,684 - INFO - __main__ -   top-5 acc: 97.81
2022-12-23 02:49:33,755 - INFO - __main__ -   Train Epoch: 38/  64
2022-12-23 02:49:33,755 - INFO - __main__ -   Best top-1 acc: 70.46
2022-12-23 02:49:33,756 - INFO - __main__ -   Mean top-1 acc: 69.74

2022-12-23 02:55:54,221 - INFO - __main__ -   top-1 acc: 70.07
2022-12-23 02:55:54,222 - INFO - __main__ -   top-5 acc: 97.84
2022-12-23 02:55:54,301 - INFO - __main__ -   Train Epoch: 39/  64
2022-12-23 02:55:54,301 - INFO - __main__ -   Best top-1 acc: 70.46
2022-12-23 02:55:54,301 - INFO - __main__ -   Mean top-1 acc: 69.83

2022-12-23 03:02:18,941 - INFO - __main__ -   top-1 acc: 69.88
2022-12-23 03:02:18,942 - INFO - __main__ -   top-5 acc: 97.71
2022-12-23 03:02:19,010 - INFO - __main__ -   Train Epoch: 40/  64
2022-12-23 03:02:19,010 - INFO - __main__ -   Best top-1 acc: 70.46
2022-12-23 03:02:19,010 - INFO - __main__ -   Mean top-1 acc: 69.88

2022-12-23 03:08:40,225 - INFO - __main__ -   top-1 acc: 69.99
2022-12-23 03:08:40,225 - INFO - __main__ -   top-5 acc: 97.62
2022-12-23 03:08:40,303 - INFO - __main__ -   Train Epoch: 41/  64
2022-12-23 03:08:40,304 - INFO - __main__ -   Best top-1 acc: 70.46
2022-12-23 03:08:40,304 - INFO - __main__ -   Mean top-1 acc: 69.94

2022-12-23 03:15:04,066 - INFO - __main__ -   top-1 acc: 69.97
2022-12-23 03:15:04,066 - INFO - __main__ -   top-5 acc: 97.65
2022-12-23 03:15:04,130 - INFO - __main__ -   Train Epoch: 42/  64
2022-12-23 03:15:04,130 - INFO - __main__ -   Best top-1 acc: 70.46
2022-12-23 03:15:04,130 - INFO - __main__ -   Mean top-1 acc: 69.99

2022-12-23 03:21:24,719 - INFO - __main__ -   top-1 acc: 69.54
2022-12-23 03:21:24,719 - INFO - __main__ -   top-5 acc: 97.72
2022-12-23 03:21:24,798 - INFO - __main__ -   Train Epoch: 43/  64
2022-12-23 03:21:24,798 - INFO - __main__ -   Best top-1 acc: 70.46
2022-12-23 03:21:24,798 - INFO - __main__ -   Mean top-1 acc: 70.00

2022-12-23 03:27:48,152 - INFO - __main__ -   top-1 acc: 70.17
2022-12-23 03:27:48,152 - INFO - __main__ -   top-5 acc: 97.64
2022-12-23 03:27:48,218 - INFO - __main__ -   Train Epoch: 44/  64
2022-12-23 03:27:48,218 - INFO - __main__ -   Best top-1 acc: 70.46
2022-12-23 03:27:48,218 - INFO - __main__ -   Mean top-1 acc: 70.03

2022-12-23 03:34:08,518 - INFO - __main__ -   top-1 acc: 69.77
2022-12-23 03:34:08,518 - INFO - __main__ -   top-5 acc: 97.52
2022-12-23 03:34:08,581 - INFO - __main__ -   Train Epoch: 45/  64
2022-12-23 03:34:08,581 - INFO - __main__ -   Best top-1 acc: 70.46
2022-12-23 03:34:08,581 - INFO - __main__ -   Mean top-1 acc: 70.02

2022-12-23 03:40:31,643 - INFO - __main__ -   top-1 acc: 69.80
2022-12-23 03:40:31,643 - INFO - __main__ -   top-5 acc: 97.60
2022-12-23 03:40:31,713 - INFO - __main__ -   Train Epoch: 46/  64
2022-12-23 03:40:31,713 - INFO - __main__ -   Best top-1 acc: 70.46
2022-12-23 03:40:31,713 - INFO - __main__ -   Mean top-1 acc: 70.02

2022-12-23 03:46:53,738 - INFO - __main__ -   top-1 acc: 69.49
2022-12-23 03:46:53,739 - INFO - __main__ -   top-5 acc: 97.58
2022-12-23 03:46:53,817 - INFO - __main__ -   Train Epoch: 47/  64
2022-12-23 03:46:53,817 - INFO - __main__ -   Best top-1 acc: 70.46
2022-12-23 03:46:53,817 - INFO - __main__ -   Mean top-1 acc: 70.00

2022-12-23 03:53:11,427 - INFO - __main__ -   top-1 acc: 69.46
2022-12-23 03:53:11,428 - INFO - __main__ -   top-5 acc: 97.57
2022-12-23 03:53:11,494 - INFO - __main__ -   Train Epoch: 48/  64
2022-12-23 03:53:11,494 - INFO - __main__ -   Best top-1 acc: 70.46
2022-12-23 03:53:11,494 - INFO - __main__ -   Mean top-1 acc: 69.98

2022-12-23 03:59:33,008 - INFO - __main__ -   top-1 acc: 69.42
2022-12-23 03:59:33,009 - INFO - __main__ -   top-5 acc: 97.60
2022-12-23 03:59:33,069 - INFO - __main__ -   Train Epoch: 49/  64
2022-12-23 03:59:33,069 - INFO - __main__ -   Best top-1 acc: 70.46
2022-12-23 03:59:33,069 - INFO - __main__ -   Mean top-1 acc: 69.97

2022-12-23 04:05:56,928 - INFO - __main__ -   top-1 acc: 69.54
2022-12-23 04:05:56,928 - INFO - __main__ -   top-5 acc: 97.47
2022-12-23 04:05:57,006 - INFO - __main__ -   Train Epoch: 50/  64
2022-12-23 04:05:57,006 - INFO - __main__ -   Best top-1 acc: 70.46
2022-12-23 04:05:57,006 - INFO - __main__ -   Mean top-1 acc: 69.95

2022-12-23 04:12:15,926 - INFO - __main__ -   top-1 acc: 69.74
2022-12-23 04:12:15,927 - INFO - __main__ -   top-5 acc: 97.45
2022-12-23 04:12:15,988 - INFO - __main__ -   Train Epoch: 51/  64
2022-12-23 04:12:15,988 - INFO - __main__ -   Best top-1 acc: 70.46
2022-12-23 04:12:15,988 - INFO - __main__ -   Mean top-1 acc: 69.93

2022-12-23 04:18:36,756 - INFO - __main__ -   top-1 acc: 69.55
2022-12-23 04:18:36,757 - INFO - __main__ -   top-5 acc: 97.49
2022-12-23 04:18:36,816 - INFO - __main__ -   Train Epoch: 52/  64
2022-12-23 04:18:36,816 - INFO - __main__ -   Best top-1 acc: 70.46
2022-12-23 04:18:36,816 - INFO - __main__ -   Mean top-1 acc: 69.90

2022-12-23 04:25:00,373 - INFO - __main__ -   top-1 acc: 69.39
2022-12-23 04:25:00,374 - INFO - __main__ -   top-5 acc: 97.48
2022-12-23 04:25:00,440 - INFO - __main__ -   Train Epoch: 53/  64
2022-12-23 04:25:00,441 - INFO - __main__ -   Best top-1 acc: 70.46
2022-12-23 04:25:00,441 - INFO - __main__ -   Mean top-1 acc: 69.85

2022-12-23 04:31:19,516 - INFO - __main__ -   top-1 acc: 69.41
2022-12-23 04:31:19,517 - INFO - __main__ -   top-5 acc: 97.50
2022-12-23 04:31:19,586 - INFO - __main__ -   Train Epoch: 54/  64
2022-12-23 04:31:19,587 - INFO - __main__ -   Best top-1 acc: 70.46
2022-12-23 04:31:19,587 - INFO - __main__ -   Mean top-1 acc: 69.80

2022-12-23 04:37:46,745 - INFO - __main__ -   top-1 acc: 69.42
2022-12-23 04:37:46,745 - INFO - __main__ -   top-5 acc: 97.57
2022-12-23 04:37:46,807 - INFO - __main__ -   Train Epoch: 55/  64
2022-12-23 04:37:46,807 - INFO - __main__ -   Best top-1 acc: 70.46
2022-12-23 04:37:46,807 - INFO - __main__ -   Mean top-1 acc: 69.76

2022-12-23 04:44:11,360 - INFO - __main__ -   top-1 acc: 69.13
2022-12-23 04:44:11,360 - INFO - __main__ -   top-5 acc: 97.50
2022-12-23 04:44:11,424 - INFO - __main__ -   Train Epoch: 56/  64
2022-12-23 04:44:11,424 - INFO - __main__ -   Best top-1 acc: 70.46
2022-12-23 04:44:11,424 - INFO - __main__ -   Mean top-1 acc: 69.70

2022-12-23 04:50:29,497 - INFO - __main__ -   top-1 acc: 69.25
2022-12-23 04:50:29,498 - INFO - __main__ -   top-5 acc: 97.41
2022-12-23 04:50:29,569 - INFO - __main__ -   Train Epoch: 57/  64
2022-12-23 04:50:29,569 - INFO - __main__ -   Best top-1 acc: 70.46
2022-12-23 04:50:29,569 - INFO - __main__ -   Mean top-1 acc: 69.65

2022-12-23 04:56:52,709 - INFO - __main__ -   top-1 acc: 69.16
2022-12-23 04:56:52,710 - INFO - __main__ -   top-5 acc: 97.46
2022-12-23 04:56:52,780 - INFO - __main__ -   Train Epoch: 58/  64
2022-12-23 04:56:52,781 - INFO - __main__ -   Best top-1 acc: 70.46
2022-12-23 04:56:52,781 - INFO - __main__ -   Mean top-1 acc: 69.61

2022-12-23 05:03:15,350 - INFO - __main__ -   top-1 acc: 69.36
2022-12-23 05:03:15,350 - INFO - __main__ -   top-5 acc: 97.34
2022-12-23 05:03:15,417 - INFO - __main__ -   Train Epoch: 59/  64
2022-12-23 05:03:15,417 - INFO - __main__ -   Best top-1 acc: 70.46
2022-12-23 05:03:15,417 - INFO - __main__ -   Mean top-1 acc: 69.57

2022-12-23 05:09:35,446 - INFO - __main__ -   top-1 acc: 69.17
2022-12-23 05:09:35,446 - INFO - __main__ -   top-5 acc: 97.40
2022-12-23 05:09:35,517 - INFO - __main__ -   Train Epoch: 60/  64
2022-12-23 05:09:35,517 - INFO - __main__ -   Best top-1 acc: 70.46
2022-12-23 05:09:35,517 - INFO - __main__ -   Mean top-1 acc: 69.54

2022-12-23 05:15:59,433 - INFO - __main__ -   top-1 acc: 68.72
2022-12-23 05:15:59,434 - INFO - __main__ -   top-5 acc: 97.21
2022-12-23 05:15:59,502 - INFO - __main__ -   Train Epoch: 61/  64
2022-12-23 05:15:59,502 - INFO - __main__ -   Best top-1 acc: 70.46
2022-12-23 05:15:59,502 - INFO - __main__ -   Mean top-1 acc: 69.47

2022-12-23 05:22:21,574 - INFO - __main__ -   top-1 acc: 68.69
2022-12-23 05:22:21,574 - INFO - __main__ -   top-5 acc: 97.31
2022-12-23 05:22:21,643 - INFO - __main__ -   Train Epoch: 62/  64
2022-12-23 05:22:21,643 - INFO - __main__ -   Best top-1 acc: 70.46
2022-12-23 05:22:21,643 - INFO - __main__ -   Mean top-1 acc: 69.41

2022-12-23 05:28:43,076 - INFO - __main__ -   top-1 acc: 69.12
2022-12-23 05:28:43,076 - INFO - __main__ -   top-5 acc: 97.25
2022-12-23 05:28:43,144 - INFO - __main__ -   Train Epoch: 63/  64
2022-12-23 05:28:43,144 - INFO - __main__ -   Best top-1 acc: 70.46
2022-12-23 05:28:43,144 - INFO - __main__ -   Mean top-1 acc: 69.39

2022-12-23 05:35:08,178 - INFO - __main__ -   top-1 acc: 69.01
2022-12-23 05:35:08,178 - INFO - __main__ -   top-5 acc: 97.09
2022-12-23 05:35:08,243 - INFO - __main__ -   Train Epoch: 64/  64
2022-12-23 05:35:08,244 - INFO - __main__ -   Best top-1 acc: 70.46
2022-12-23 05:35:08,244 - INFO - __main__ -   Mean top-1 acc: 69.33

