2022-12-22 07:18:20,007 - WARNING - __main__ -   Process rank: -1, device: cuda:0, n_gpu: 1, distributed training: False, 16-bits training: False
2022-12-22 07:18:20,008 - INFO - __main__ -   {'DA': True, 'T': 1, 'amp': False, 'arch': 'wideresnet', 'batch_size': 64, 'dataset': 'cifar10', 'device': device(type='cuda', index=0), 'ema_decay': 0.999, 'eval_step': 1024, 'expand_labels': False, 'gpu_id': 0, 'im_ratio': 100.0, 'k': 2, 'label_ratio': 0.1, 'lambda_k': 0.5, 'lambda_scl': 1, 'lambda_u': 1, 'local_rank': -1, 'lr': 0.03, 'mu': 7, 'n_gpu': 1, 'nesterov': True, 'no_progress': False, 'num_labeled': 4000, 'num_workers': 8, 'opt_level': 'O1', 'out': 'results/ratio_100_0.1/cifar.2/expe', 'resume': '', 'seed': 2, 'st': 0.5, 'start_epoch': 0, 'threshold': 0.95, 'threshold_2': 0.9, 'total_steps': 65536, 'use_ema': True, 'warmup': 0, 'wdecay': 0.0005, 'world_size': 1}
2022-12-22 07:18:22,450 - INFO - models.wideresnet -   Model: WideResNet 28x2
2022-12-22 07:18:22,485 - INFO - __main__ -   Total params: 1.50M
2022-12-22 07:18:23,840 - INFO - __main__ -   ***** Running training *****
2022-12-22 07:18:23,840 - INFO - __main__ -     Task = cifar10@4000
2022-12-22 07:18:23,840 - INFO - __main__ -     Num Epochs = 64
2022-12-22 07:18:23,840 - INFO - __main__ -     Batch size per GPU = 64
2022-12-22 07:18:23,840 - INFO - __main__ -     Total train batch size = 64
2022-12-22 07:18:23,840 - INFO - __main__ -     Total optimization steps = 65536
2022-12-22 07:25:15,127 - INFO - __main__ -   top-1 acc: 22.99
2022-12-22 07:25:15,127 - INFO - __main__ -   top-5 acc: 75.58
2022-12-22 07:25:15,200 - INFO - __main__ -   Train Epoch: 1/  64
2022-12-22 07:25:15,200 - INFO - __main__ -   Best top-1 acc: 22.99
2022-12-22 07:25:15,200 - INFO - __main__ -   Mean top-1 acc: 22.99

2022-12-22 07:32:04,578 - INFO - __main__ -   top-1 acc: 35.92
2022-12-22 07:32:04,578 - INFO - __main__ -   top-5 acc: 83.82
2022-12-22 07:32:04,664 - INFO - __main__ -   Train Epoch: 2/  64
2022-12-22 07:32:04,664 - INFO - __main__ -   Best top-1 acc: 35.92
2022-12-22 07:32:04,664 - INFO - __main__ -   Mean top-1 acc: 29.45

2022-12-22 07:38:46,663 - INFO - __main__ -   top-1 acc: 42.73
2022-12-22 07:38:46,663 - INFO - __main__ -   top-5 acc: 88.71
2022-12-22 07:38:46,743 - INFO - __main__ -   Train Epoch: 3/  64
2022-12-22 07:38:46,743 - INFO - __main__ -   Best top-1 acc: 42.73
2022-12-22 07:38:46,743 - INFO - __main__ -   Mean top-1 acc: 33.88

2022-12-22 07:45:31,672 - INFO - __main__ -   top-1 acc: 46.96
2022-12-22 07:45:31,672 - INFO - __main__ -   top-5 acc: 90.81
2022-12-22 07:45:31,753 - INFO - __main__ -   Train Epoch: 4/  64
2022-12-22 07:45:31,753 - INFO - __main__ -   Best top-1 acc: 46.96
2022-12-22 07:45:31,753 - INFO - __main__ -   Mean top-1 acc: 37.15

2022-12-22 07:52:13,309 - INFO - __main__ -   top-1 acc: 51.36
2022-12-22 07:52:13,309 - INFO - __main__ -   top-5 acc: 92.06
2022-12-22 07:52:13,389 - INFO - __main__ -   Train Epoch: 5/  64
2022-12-22 07:52:13,389 - INFO - __main__ -   Best top-1 acc: 51.36
2022-12-22 07:52:13,390 - INFO - __main__ -   Mean top-1 acc: 39.99

2022-12-22 07:58:49,460 - INFO - __main__ -   top-1 acc: 54.62
2022-12-22 07:58:49,460 - INFO - __main__ -   top-5 acc: 92.95
2022-12-22 07:58:49,606 - INFO - __main__ -   Train Epoch: 6/  64
2022-12-22 07:58:49,607 - INFO - __main__ -   Best top-1 acc: 54.62
2022-12-22 07:58:49,607 - INFO - __main__ -   Mean top-1 acc: 42.43

2022-12-22 08:05:29,708 - INFO - __main__ -   top-1 acc: 57.63
2022-12-22 08:05:29,708 - INFO - __main__ -   top-5 acc: 94.20
2022-12-22 08:05:29,787 - INFO - __main__ -   Train Epoch: 7/  64
2022-12-22 08:05:29,788 - INFO - __main__ -   Best top-1 acc: 57.63
2022-12-22 08:05:29,788 - INFO - __main__ -   Mean top-1 acc: 44.60

2022-12-22 08:12:11,218 - INFO - __main__ -   top-1 acc: 60.01
2022-12-22 08:12:11,218 - INFO - __main__ -   top-5 acc: 94.61
2022-12-22 08:12:11,306 - INFO - __main__ -   Train Epoch: 8/  64
2022-12-22 08:12:11,306 - INFO - __main__ -   Best top-1 acc: 60.01
2022-12-22 08:12:11,307 - INFO - __main__ -   Mean top-1 acc: 46.53

2022-12-22 08:18:47,822 - INFO - __main__ -   top-1 acc: 61.59
2022-12-22 08:18:47,823 - INFO - __main__ -   top-5 acc: 94.86
2022-12-22 08:18:47,904 - INFO - __main__ -   Train Epoch: 9/  64
2022-12-22 08:18:47,904 - INFO - __main__ -   Best top-1 acc: 61.59
2022-12-22 08:18:47,905 - INFO - __main__ -   Mean top-1 acc: 48.20

2022-12-22 08:25:27,174 - INFO - __main__ -   top-1 acc: 62.60
2022-12-22 08:25:27,174 - INFO - __main__ -   top-5 acc: 95.29
2022-12-22 08:25:27,256 - INFO - __main__ -   Train Epoch: 10/  64
2022-12-22 08:25:27,256 - INFO - __main__ -   Best top-1 acc: 62.60
2022-12-22 08:25:27,256 - INFO - __main__ -   Mean top-1 acc: 49.64

2022-12-22 08:32:06,684 - INFO - __main__ -   top-1 acc: 63.61
2022-12-22 08:32:06,684 - INFO - __main__ -   top-5 acc: 95.43
2022-12-22 08:32:06,792 - INFO - __main__ -   Train Epoch: 11/  64
2022-12-22 08:32:06,792 - INFO - __main__ -   Best top-1 acc: 63.61
2022-12-22 08:32:06,793 - INFO - __main__ -   Mean top-1 acc: 50.91

2022-12-22 08:38:46,766 - INFO - __main__ -   top-1 acc: 64.24
2022-12-22 08:38:46,766 - INFO - __main__ -   top-5 acc: 95.73
2022-12-22 08:38:46,851 - INFO - __main__ -   Train Epoch: 12/  64
2022-12-22 08:38:46,851 - INFO - __main__ -   Best top-1 acc: 64.24
2022-12-22 08:38:46,851 - INFO - __main__ -   Mean top-1 acc: 52.02

2022-12-22 08:45:30,839 - INFO - __main__ -   top-1 acc: 65.29
2022-12-22 08:45:30,839 - INFO - __main__ -   top-5 acc: 95.77
2022-12-22 08:45:30,925 - INFO - __main__ -   Train Epoch: 13/  64
2022-12-22 08:45:30,925 - INFO - __main__ -   Best top-1 acc: 65.29
2022-12-22 08:45:30,926 - INFO - __main__ -   Mean top-1 acc: 53.04

2022-12-22 08:52:13,981 - INFO - __main__ -   top-1 acc: 66.23
2022-12-22 08:52:13,981 - INFO - __main__ -   top-5 acc: 96.05
2022-12-22 08:52:14,083 - INFO - __main__ -   Train Epoch: 14/  64
2022-12-22 08:52:14,083 - INFO - __main__ -   Best top-1 acc: 66.23
2022-12-22 08:52:14,084 - INFO - __main__ -   Mean top-1 acc: 53.98

2022-12-22 08:58:55,969 - INFO - __main__ -   top-1 acc: 66.78
2022-12-22 08:58:55,969 - INFO - __main__ -   top-5 acc: 96.57
2022-12-22 08:58:56,070 - INFO - __main__ -   Train Epoch: 15/  64
2022-12-22 08:58:56,070 - INFO - __main__ -   Best top-1 acc: 66.78
2022-12-22 08:58:56,071 - INFO - __main__ -   Mean top-1 acc: 54.84

2022-12-22 09:05:35,228 - INFO - __main__ -   top-1 acc: 67.35
2022-12-22 09:05:35,228 - INFO - __main__ -   top-5 acc: 96.59
2022-12-22 09:05:35,318 - INFO - __main__ -   Train Epoch: 16/  64
2022-12-22 09:05:35,318 - INFO - __main__ -   Best top-1 acc: 67.35
2022-12-22 09:05:35,318 - INFO - __main__ -   Mean top-1 acc: 55.62

2022-12-22 09:12:16,540 - INFO - __main__ -   top-1 acc: 67.61
2022-12-22 09:12:16,541 - INFO - __main__ -   top-5 acc: 96.65
2022-12-22 09:12:16,620 - INFO - __main__ -   Train Epoch: 17/  64
2022-12-22 09:12:16,620 - INFO - __main__ -   Best top-1 acc: 67.61
2022-12-22 09:12:16,620 - INFO - __main__ -   Mean top-1 acc: 56.32

2022-12-22 09:18:59,405 - INFO - __main__ -   top-1 acc: 68.44
2022-12-22 09:18:59,405 - INFO - __main__ -   top-5 acc: 96.73
2022-12-22 09:18:59,510 - INFO - __main__ -   Train Epoch: 18/  64
2022-12-22 09:18:59,510 - INFO - __main__ -   Best top-1 acc: 68.44
2022-12-22 09:18:59,510 - INFO - __main__ -   Mean top-1 acc: 57.00

2022-12-22 09:25:45,364 - INFO - __main__ -   top-1 acc: 68.90
2022-12-22 09:25:45,364 - INFO - __main__ -   top-5 acc: 96.82
2022-12-22 09:25:45,535 - INFO - __main__ -   Train Epoch: 19/  64
2022-12-22 09:25:45,536 - INFO - __main__ -   Best top-1 acc: 68.90
2022-12-22 09:25:45,536 - INFO - __main__ -   Mean top-1 acc: 57.62

2022-12-22 09:32:30,609 - INFO - __main__ -   top-1 acc: 69.37
2022-12-22 09:32:30,609 - INFO - __main__ -   top-5 acc: 96.94
2022-12-22 09:32:30,701 - INFO - __main__ -   Train Epoch: 20/  64
2022-12-22 09:32:30,702 - INFO - __main__ -   Best top-1 acc: 69.37
2022-12-22 09:32:30,702 - INFO - __main__ -   Mean top-1 acc: 58.21

2022-12-22 09:39:13,355 - INFO - __main__ -   top-1 acc: 69.94
2022-12-22 09:39:13,355 - INFO - __main__ -   top-5 acc: 97.17
2022-12-22 09:39:13,435 - INFO - __main__ -   Train Epoch: 21/  64
2022-12-22 09:39:13,435 - INFO - __main__ -   Best top-1 acc: 69.94
2022-12-22 09:39:13,435 - INFO - __main__ -   Mean top-1 acc: 60.56

2022-12-22 09:46:02,563 - INFO - __main__ -   top-1 acc: 70.44
2022-12-22 09:46:02,564 - INFO - __main__ -   top-5 acc: 97.28
2022-12-22 09:46:02,658 - INFO - __main__ -   Train Epoch: 22/  64
2022-12-22 09:46:02,658 - INFO - __main__ -   Best top-1 acc: 70.44
2022-12-22 09:46:02,658 - INFO - __main__ -   Mean top-1 acc: 62.29

2022-12-22 09:52:49,301 - INFO - __main__ -   top-1 acc: 70.54
2022-12-22 09:52:49,301 - INFO - __main__ -   top-5 acc: 97.29
2022-12-22 09:52:49,403 - INFO - __main__ -   Train Epoch: 23/  64
2022-12-22 09:52:49,403 - INFO - __main__ -   Best top-1 acc: 70.54
2022-12-22 09:52:49,404 - INFO - __main__ -   Mean top-1 acc: 63.68

2022-12-22 09:59:29,773 - INFO - __main__ -   top-1 acc: 70.68
2022-12-22 09:59:29,773 - INFO - __main__ -   top-5 acc: 97.31
2022-12-22 09:59:29,860 - INFO - __main__ -   Train Epoch: 24/  64
2022-12-22 09:59:29,860 - INFO - __main__ -   Best top-1 acc: 70.68
2022-12-22 09:59:29,860 - INFO - __main__ -   Mean top-1 acc: 64.86

2022-12-22 10:06:15,202 - INFO - __main__ -   top-1 acc: 71.17
2022-12-22 10:06:15,203 - INFO - __main__ -   top-5 acc: 97.44
2022-12-22 10:06:15,322 - INFO - __main__ -   Train Epoch: 25/  64
2022-12-22 10:06:15,323 - INFO - __main__ -   Best top-1 acc: 71.17
2022-12-22 10:06:15,323 - INFO - __main__ -   Mean top-1 acc: 65.85

2022-12-22 10:12:58,701 - INFO - __main__ -   top-1 acc: 71.07
2022-12-22 10:12:58,701 - INFO - __main__ -   top-5 acc: 97.51
2022-12-22 10:12:58,763 - INFO - __main__ -   Train Epoch: 26/  64
2022-12-22 10:12:58,763 - INFO - __main__ -   Best top-1 acc: 71.17
2022-12-22 10:12:58,764 - INFO - __main__ -   Mean top-1 acc: 66.67

2022-12-22 10:19:44,467 - INFO - __main__ -   top-1 acc: 71.20
2022-12-22 10:19:44,467 - INFO - __main__ -   top-5 acc: 97.49
2022-12-22 10:19:44,548 - INFO - __main__ -   Train Epoch: 27/  64
2022-12-22 10:19:44,548 - INFO - __main__ -   Best top-1 acc: 71.20
2022-12-22 10:19:44,549 - INFO - __main__ -   Mean top-1 acc: 67.35

2022-12-22 10:26:27,852 - INFO - __main__ -   top-1 acc: 71.25
2022-12-22 10:26:27,853 - INFO - __main__ -   top-5 acc: 97.59
2022-12-22 10:26:27,939 - INFO - __main__ -   Train Epoch: 28/  64
2022-12-22 10:26:27,939 - INFO - __main__ -   Best top-1 acc: 71.25
2022-12-22 10:26:27,939 - INFO - __main__ -   Mean top-1 acc: 67.92

2022-12-22 10:33:08,880 - INFO - __main__ -   top-1 acc: 71.51
2022-12-22 10:33:08,881 - INFO - __main__ -   top-5 acc: 97.51
2022-12-22 10:33:08,990 - INFO - __main__ -   Train Epoch: 29/  64
2022-12-22 10:33:08,991 - INFO - __main__ -   Best top-1 acc: 71.51
2022-12-22 10:33:08,991 - INFO - __main__ -   Mean top-1 acc: 68.41

2022-12-22 10:39:54,678 - INFO - __main__ -   top-1 acc: 71.80
2022-12-22 10:39:54,679 - INFO - __main__ -   top-5 acc: 97.62
2022-12-22 10:39:54,776 - INFO - __main__ -   Train Epoch: 30/  64
2022-12-22 10:39:54,777 - INFO - __main__ -   Best top-1 acc: 71.80
2022-12-22 10:39:54,777 - INFO - __main__ -   Mean top-1 acc: 68.87

2022-12-22 10:46:54,642 - INFO - __main__ -   top-1 acc: 71.55
2022-12-22 10:46:54,642 - INFO - __main__ -   top-5 acc: 97.63
2022-12-22 10:46:54,706 - INFO - __main__ -   Train Epoch: 31/  64
2022-12-22 10:46:54,707 - INFO - __main__ -   Best top-1 acc: 71.80
2022-12-22 10:46:54,707 - INFO - __main__ -   Mean top-1 acc: 69.27

2022-12-22 10:53:58,728 - INFO - __main__ -   top-1 acc: 71.80
2022-12-22 10:53:58,728 - INFO - __main__ -   top-5 acc: 97.61
2022-12-22 10:53:58,817 - INFO - __main__ -   Train Epoch: 32/  64
2022-12-22 10:53:58,817 - INFO - __main__ -   Best top-1 acc: 71.80
2022-12-22 10:53:58,817 - INFO - __main__ -   Mean top-1 acc: 69.65

2022-12-22 11:00:52,672 - INFO - __main__ -   top-1 acc: 72.47
2022-12-22 11:00:52,672 - INFO - __main__ -   top-5 acc: 97.63
2022-12-22 11:00:52,752 - INFO - __main__ -   Train Epoch: 33/  64
2022-12-22 11:00:52,752 - INFO - __main__ -   Best top-1 acc: 72.47
2022-12-22 11:00:52,752 - INFO - __main__ -   Mean top-1 acc: 70.00

2022-12-22 11:08:07,909 - INFO - __main__ -   top-1 acc: 72.40
2022-12-22 11:08:07,910 - INFO - __main__ -   top-5 acc: 97.62
2022-12-22 11:08:07,999 - INFO - __main__ -   Train Epoch: 34/  64
2022-12-22 11:08:07,999 - INFO - __main__ -   Best top-1 acc: 72.47
2022-12-22 11:08:08,000 - INFO - __main__ -   Mean top-1 acc: 70.31

2022-12-22 11:15:28,932 - INFO - __main__ -   top-1 acc: 72.62
2022-12-22 11:15:28,932 - INFO - __main__ -   top-5 acc: 97.61
2022-12-22 11:15:29,042 - INFO - __main__ -   Train Epoch: 35/  64
2022-12-22 11:15:29,043 - INFO - __main__ -   Best top-1 acc: 72.62
2022-12-22 11:15:29,043 - INFO - __main__ -   Mean top-1 acc: 70.61

2022-12-22 11:22:49,797 - INFO - __main__ -   top-1 acc: 72.51
2022-12-22 11:22:49,797 - INFO - __main__ -   top-5 acc: 97.64
2022-12-22 11:22:49,880 - INFO - __main__ -   Train Epoch: 36/  64
2022-12-22 11:22:49,881 - INFO - __main__ -   Best top-1 acc: 72.62
2022-12-22 11:22:49,881 - INFO - __main__ -   Mean top-1 acc: 70.86

2022-12-22 11:30:06,624 - INFO - __main__ -   top-1 acc: 72.62
2022-12-22 11:30:06,625 - INFO - __main__ -   top-5 acc: 97.65
2022-12-22 11:30:06,701 - INFO - __main__ -   Train Epoch: 37/  64
2022-12-22 11:30:06,701 - INFO - __main__ -   Best top-1 acc: 72.62
2022-12-22 11:30:06,701 - INFO - __main__ -   Mean top-1 acc: 71.11

2022-12-22 11:37:26,553 - INFO - __main__ -   top-1 acc: 72.80
2022-12-22 11:37:26,553 - INFO - __main__ -   top-5 acc: 97.68
2022-12-22 11:37:26,638 - INFO - __main__ -   Train Epoch: 38/  64
2022-12-22 11:37:26,638 - INFO - __main__ -   Best top-1 acc: 72.80
2022-12-22 11:37:26,639 - INFO - __main__ -   Mean top-1 acc: 71.33

2022-12-22 11:44:44,191 - INFO - __main__ -   top-1 acc: 72.78
2022-12-22 11:44:44,192 - INFO - __main__ -   top-5 acc: 97.60
2022-12-22 11:44:44,258 - INFO - __main__ -   Train Epoch: 39/  64
2022-12-22 11:44:44,258 - INFO - __main__ -   Best top-1 acc: 72.80
2022-12-22 11:44:44,258 - INFO - __main__ -   Mean top-1 acc: 71.53

2022-12-22 11:52:01,218 - INFO - __main__ -   top-1 acc: 72.68
2022-12-22 11:52:01,218 - INFO - __main__ -   top-5 acc: 97.63
2022-12-22 11:52:01,278 - INFO - __main__ -   Train Epoch: 40/  64
2022-12-22 11:52:01,278 - INFO - __main__ -   Best top-1 acc: 72.80
2022-12-22 11:52:01,278 - INFO - __main__ -   Mean top-1 acc: 71.69

2022-12-22 11:59:17,670 - INFO - __main__ -   top-1 acc: 72.39
2022-12-22 11:59:17,670 - INFO - __main__ -   top-5 acc: 97.64
2022-12-22 11:59:17,731 - INFO - __main__ -   Train Epoch: 41/  64
2022-12-22 11:59:17,732 - INFO - __main__ -   Best top-1 acc: 72.80
2022-12-22 11:59:17,732 - INFO - __main__ -   Mean top-1 acc: 71.81

2022-12-22 12:06:34,626 - INFO - __main__ -   top-1 acc: 72.40
2022-12-22 12:06:34,626 - INFO - __main__ -   top-5 acc: 97.68
2022-12-22 12:06:34,685 - INFO - __main__ -   Train Epoch: 42/  64
2022-12-22 12:06:34,685 - INFO - __main__ -   Best top-1 acc: 72.80
2022-12-22 12:06:34,686 - INFO - __main__ -   Mean top-1 acc: 71.91

2022-12-22 12:14:00,071 - INFO - __main__ -   top-1 acc: 72.45
2022-12-22 12:14:00,071 - INFO - __main__ -   top-5 acc: 97.61
2022-12-22 12:14:00,131 - INFO - __main__ -   Train Epoch: 43/  64
2022-12-22 12:14:00,131 - INFO - __main__ -   Best top-1 acc: 72.80
2022-12-22 12:14:00,131 - INFO - __main__ -   Mean top-1 acc: 72.01

2022-12-22 12:21:08,656 - INFO - __main__ -   top-1 acc: 72.52
2022-12-22 12:21:08,657 - INFO - __main__ -   top-5 acc: 97.62
2022-12-22 12:21:08,719 - INFO - __main__ -   Train Epoch: 44/  64
2022-12-22 12:21:08,720 - INFO - __main__ -   Best top-1 acc: 72.80
2022-12-22 12:21:08,720 - INFO - __main__ -   Mean top-1 acc: 72.10

2022-12-22 12:29:21,427 - INFO - __main__ -   top-1 acc: 72.78
2022-12-22 12:29:21,428 - INFO - __main__ -   top-5 acc: 97.49
2022-12-22 12:29:21,493 - INFO - __main__ -   Train Epoch: 45/  64
2022-12-22 12:29:21,493 - INFO - __main__ -   Best top-1 acc: 72.80
2022-12-22 12:29:21,493 - INFO - __main__ -   Mean top-1 acc: 72.18

2022-12-22 12:38:13,825 - INFO - __main__ -   top-1 acc: 72.46
2022-12-22 12:38:13,825 - INFO - __main__ -   top-5 acc: 97.46
2022-12-22 12:38:13,895 - INFO - __main__ -   Train Epoch: 46/  64
2022-12-22 12:38:13,895 - INFO - __main__ -   Best top-1 acc: 72.80
2022-12-22 12:38:13,896 - INFO - __main__ -   Mean top-1 acc: 72.25

2022-12-22 12:46:53,359 - INFO - __main__ -   top-1 acc: 72.08
2022-12-22 12:46:53,359 - INFO - __main__ -   top-5 acc: 97.53
2022-12-22 12:46:53,423 - INFO - __main__ -   Train Epoch: 47/  64
2022-12-22 12:46:53,423 - INFO - __main__ -   Best top-1 acc: 72.80
2022-12-22 12:46:53,423 - INFO - __main__ -   Mean top-1 acc: 72.29

2022-12-22 12:55:48,385 - INFO - __main__ -   top-1 acc: 72.13
2022-12-22 12:55:48,386 - INFO - __main__ -   top-5 acc: 97.57
2022-12-22 12:55:48,453 - INFO - __main__ -   Train Epoch: 48/  64
2022-12-22 12:55:48,453 - INFO - __main__ -   Best top-1 acc: 72.80
2022-12-22 12:55:48,453 - INFO - __main__ -   Mean top-1 acc: 72.34

2022-12-22 13:04:44,778 - INFO - __main__ -   top-1 acc: 71.69
2022-12-22 13:04:44,778 - INFO - __main__ -   top-5 acc: 97.56
2022-12-22 13:04:44,841 - INFO - __main__ -   Train Epoch: 49/  64
2022-12-22 13:04:44,842 - INFO - __main__ -   Best top-1 acc: 72.80
2022-12-22 13:04:44,842 - INFO - __main__ -   Mean top-1 acc: 72.35

2022-12-22 13:13:37,423 - INFO - __main__ -   top-1 acc: 72.15
2022-12-22 13:13:37,423 - INFO - __main__ -   top-5 acc: 97.43
2022-12-22 13:13:37,485 - INFO - __main__ -   Train Epoch: 50/  64
2022-12-22 13:13:37,485 - INFO - __main__ -   Best top-1 acc: 72.80
2022-12-22 13:13:37,486 - INFO - __main__ -   Mean top-1 acc: 72.36

2022-12-22 13:22:18,696 - INFO - __main__ -   top-1 acc: 72.04
2022-12-22 13:22:18,697 - INFO - __main__ -   top-5 acc: 97.43
2022-12-22 13:22:18,761 - INFO - __main__ -   Train Epoch: 51/  64
2022-12-22 13:22:18,762 - INFO - __main__ -   Best top-1 acc: 72.80
2022-12-22 13:22:18,762 - INFO - __main__ -   Mean top-1 acc: 72.39

2022-12-22 13:31:07,400 - INFO - __main__ -   top-1 acc: 71.97
2022-12-22 13:31:07,400 - INFO - __main__ -   top-5 acc: 97.45
2022-12-22 13:31:07,462 - INFO - __main__ -   Train Epoch: 52/  64
2022-12-22 13:31:07,462 - INFO - __main__ -   Best top-1 acc: 72.80
2022-12-22 13:31:07,462 - INFO - __main__ -   Mean top-1 acc: 72.40

2022-12-22 13:40:13,278 - INFO - __main__ -   top-1 acc: 72.00
2022-12-22 13:40:13,279 - INFO - __main__ -   top-5 acc: 97.40
2022-12-22 13:40:13,343 - INFO - __main__ -   Train Epoch: 53/  64
2022-12-22 13:40:13,343 - INFO - __main__ -   Best top-1 acc: 72.80
2022-12-22 13:40:13,343 - INFO - __main__ -   Mean top-1 acc: 72.37

2022-12-22 13:49:14,983 - INFO - __main__ -   top-1 acc: 72.29
2022-12-22 13:49:14,983 - INFO - __main__ -   top-5 acc: 97.46
2022-12-22 13:49:15,048 - INFO - __main__ -   Train Epoch: 54/  64
2022-12-22 13:49:15,048 - INFO - __main__ -   Best top-1 acc: 72.80
2022-12-22 13:49:15,049 - INFO - __main__ -   Mean top-1 acc: 72.37

2022-12-22 13:58:22,230 - INFO - __main__ -   top-1 acc: 72.03
2022-12-22 13:58:22,230 - INFO - __main__ -   top-5 acc: 97.48
2022-12-22 13:58:22,292 - INFO - __main__ -   Train Epoch: 55/  64
2022-12-22 13:58:22,292 - INFO - __main__ -   Best top-1 acc: 72.80
2022-12-22 13:58:22,293 - INFO - __main__ -   Mean top-1 acc: 72.34

2022-12-22 14:07:05,868 - INFO - __main__ -   top-1 acc: 71.57
2022-12-22 14:07:05,869 - INFO - __main__ -   top-5 acc: 97.40
2022-12-22 14:07:05,931 - INFO - __main__ -   Train Epoch: 56/  64
2022-12-22 14:07:05,932 - INFO - __main__ -   Best top-1 acc: 72.80
2022-12-22 14:07:05,932 - INFO - __main__ -   Mean top-1 acc: 72.29

2022-12-22 14:15:12,788 - INFO - __main__ -   top-1 acc: 71.78
2022-12-22 14:15:12,789 - INFO - __main__ -   top-5 acc: 97.43
2022-12-22 14:15:12,842 - INFO - __main__ -   Train Epoch: 57/  64
2022-12-22 14:15:12,842 - INFO - __main__ -   Best top-1 acc: 72.80
2022-12-22 14:15:12,842 - INFO - __main__ -   Mean top-1 acc: 72.25

2022-12-22 14:23:28,143 - INFO - __main__ -   top-1 acc: 71.84
2022-12-22 14:23:28,143 - INFO - __main__ -   top-5 acc: 97.34
2022-12-22 14:23:28,208 - INFO - __main__ -   Train Epoch: 58/  64
2022-12-22 14:23:28,209 - INFO - __main__ -   Best top-1 acc: 72.80
2022-12-22 14:23:28,209 - INFO - __main__ -   Mean top-1 acc: 72.20

2022-12-22 14:32:05,948 - INFO - __main__ -   top-1 acc: 71.78
2022-12-22 14:32:05,948 - INFO - __main__ -   top-5 acc: 97.37
2022-12-22 14:32:06,009 - INFO - __main__ -   Train Epoch: 59/  64
2022-12-22 14:32:06,009 - INFO - __main__ -   Best top-1 acc: 72.80
2022-12-22 14:32:06,009 - INFO - __main__ -   Mean top-1 acc: 72.15

2022-12-22 14:40:40,424 - INFO - __main__ -   top-1 acc: 71.61
2022-12-22 14:40:40,425 - INFO - __main__ -   top-5 acc: 97.33
2022-12-22 14:40:40,482 - INFO - __main__ -   Train Epoch: 60/  64
2022-12-22 14:40:40,482 - INFO - __main__ -   Best top-1 acc: 72.80
2022-12-22 14:40:40,483 - INFO - __main__ -   Mean top-1 acc: 72.10

2022-12-22 14:49:19,059 - INFO - __main__ -   top-1 acc: 71.76
2022-12-22 14:49:19,060 - INFO - __main__ -   top-5 acc: 97.30
2022-12-22 14:49:19,118 - INFO - __main__ -   Train Epoch: 61/  64
2022-12-22 14:49:19,118 - INFO - __main__ -   Best top-1 acc: 72.80
2022-12-22 14:49:19,118 - INFO - __main__ -   Mean top-1 acc: 72.07

2022-12-22 14:57:54,308 - INFO - __main__ -   top-1 acc: 71.75
2022-12-22 14:57:54,309 - INFO - __main__ -   top-5 acc: 97.28
2022-12-22 14:57:54,362 - INFO - __main__ -   Train Epoch: 62/  64
2022-12-22 14:57:54,362 - INFO - __main__ -   Best top-1 acc: 72.80
2022-12-22 14:57:54,362 - INFO - __main__ -   Mean top-1 acc: 72.03

2022-12-22 15:06:11,972 - INFO - __main__ -   top-1 acc: 71.35
2022-12-22 15:06:11,973 - INFO - __main__ -   top-5 acc: 97.26
2022-12-22 15:06:12,025 - INFO - __main__ -   Train Epoch: 63/  64
2022-12-22 15:06:12,025 - INFO - __main__ -   Best top-1 acc: 72.80
2022-12-22 15:06:12,026 - INFO - __main__ -   Mean top-1 acc: 71.98

2022-12-22 15:13:55,490 - INFO - __main__ -   top-1 acc: 71.25
2022-12-22 15:13:55,490 - INFO - __main__ -   top-5 acc: 97.31
2022-12-22 15:13:55,548 - INFO - __main__ -   Train Epoch: 64/  64
2022-12-22 15:13:55,548 - INFO - __main__ -   Best top-1 acc: 72.80
2022-12-22 15:13:55,549 - INFO - __main__ -   Mean top-1 acc: 71.92

